<?xml version="1.0" encoding="UTF-8"?>
<!-- Generated by org.testng.reporters.JUnitReportReporter -->
<testsuite hostname="heisenberg" failures="0" tests="9" name="test.Day3" time="0.044" errors="0" timestamp="2025-01-22T19:24:11 IST" skipped="0">
  <testcase classname="test.Day3" name="mobileSignOutCarLoan" time="0.008"/>
  <testcase classname="test.Day3" name="APILoginModuleCarLoan" time="0.007"/>
  <testcase classname="test.Day3" name="APISignOutModuleCarLoan" time="0.002"/>
  <testcase classname="test.Day3" name="mobileLoginCarLoan" time="0.004"/>
  <testcase classname="test.Day3" name="login" time="0.001"/>
  <testcase classname="test.Day3" name="webLoginCarLoan" time="0.005"/>
  <testcase classname="test.Day3" name="login" time="0.004"/>
  <testcase classname="test.Day3" name="login" time="0.004"/>
  <testcase classname="test.Day3" name="webSignOutCarLoan" time="0.009"/>
</testsuite> <!-- test.Day3 -->
