<?xml version="1.0" encoding="UTF-8"?>
<!-- Generated by org.testng.reporters.JUnitReportReporter -->
<testsuite hostname="heisenberg" failures="0" tests="7" name="test.Day4" time="0.013" errors="0" timestamp="2025-01-22T19:03:28 IST" skipped="1">
  <testcase classname="test.Day4" name="mobileLoginHomeLoan" time="0.003"/>
  <testcase classname="test.Day4" name="APILoginModuleHomeLoan" time="0.001"/>
  <testcase classname="test.Day4" name="APISignOutModuleHomeLoan" time="0.001"/>
  <testcase classname="test.Day4" name="mobileSignOutHomeLoan" time="0.003"/>
  <testcase classname="test.Day4" name="webLoginHomeLoan" time="0.003"/>
  <testcase classname="test.Day4" name="webSignOutHomeLoan" time="0.002"/>
  <testcase classname="test.Day4" name="disabledMethod">
    <skipped/>
  </testcase> <!-- disabledMethod -->
</testsuite> <!-- test.Day4 -->
