<?xml version="1.0" encoding="UTF-8"?>
<!-- Generated by org.testng.reporters.JUnitReportReporter -->
<testsuite hostname="heisenberg" failures="0" tests="6" name="test.Day2" time="0.014" errors="0" timestamp="2025-01-22T19:03:28 IST" skipped="0">
  <testcase classname="test.Day2" name="mobileSignOutPersonalLoan" time="0.002"/>
  <testcase classname="test.Day2" name="mobileLoginPersonalLoan" time="0.003"/>
  <testcase classname="test.Day2" name="APISignOutModulePersonalLoan" time="0.003"/>
  <testcase classname="test.Day2" name="webSignOutPersonalLoan" time="0.002"/>
  <testcase classname="test.Day2" name="webLoginPersonalLoan" time="0.002"/>
  <testcase classname="test.Day2" name="APILoginModulePersonalLoan" time="0.002"/>
</testsuite> <!-- test.Day2 -->
