<?xml version="1.0" encoding="UTF-8"?>
<!-- Generated by org.testng.reporters.JUnitReportReporter -->
<testsuite hostname="heisenberg" failures="0" tests="6" name="test.Day3" time="0.024" errors="0" timestamp="2025-01-21T19:18:31 IST" skipped="0">
  <testcase classname="test.Day3" name="webLoginCarLoan" time="0.003"/>
  <testcase classname="test.Day3" name="webSignOutCarLoan" time="0.004"/>
  <testcase classname="test.Day3" name="APILoginModuleCarLoan" time="0.003"/>
  <testcase classname="test.Day3" name="mobileLoginCarLoan" time="0.006"/>
  <testcase classname="test.Day3" name="mobileSignOutCarLoan" time="0.005"/>
  <testcase classname="test.Day3" name="APISignOutModuleCarLoan" time="0.003"/>
</testsuite> <!-- test.Day3 -->
