<?xml version="1.0" encoding="UTF-8"?>
<!-- Generated by org.testng.reporters.JUnitReportReporter -->
<testsuite hostname="DESKTOP-VUQE3G8" failures="0" tests="1" name="one.Testing" time="0.038" errors="0" timestamp="2025-01-16T19:59:57 IST" skipped="0">
  <testcase classname="one.Testing" name="testngmethod" time="0.038"/>
</testsuite> <!-- one.Testing -->
