<?xml version="1.0" encoding="UTF-8"?>
<!-- Generated by org.testng.reporters.JUnitReportReporter -->
<testsuite hostname="heisenberg" failures="0" tests="3" name="test.Day1" time="0.014" errors="0" timestamp="2025-01-21T19:18:31 IST" skipped="0">
  <testcase classname="test.Day1" name="testngmethod" time="0.003"/>
  <testcase classname="test.Day1" name="Demo1" time="0.003"/>
  <testcase classname="test.Day1" name="Demo" time="0.008"/>
</testsuite> <!-- test.Day1 -->
