<?xml version="1.0" encoding="UTF-8"?>
<!-- Generated by org.testng.reporters.JUnitReportReporter -->
<testsuite hostname="DESKTOP-VUQE3G8" failures="0" tests="3" name="test.Day1" time="0.016" errors="0" timestamp="2025-01-17T16:52:03 IST" skipped="0">
  <testcase classname="test.Day1" name="Demo1" time="0.002"/>
  <testcase classname="test.Day1" name="Demo" time="0.012"/>
  <testcase classname="test.Day1" name="testngmethod" time="0.002"/>
</testsuite> <!-- test.Day1 -->
