<?xml version="1.0" encoding="UTF-8"?>
<!-- Generated by org.testng.reporters.JUnitReportReporter -->
<testsuite hostname="DESKTOP-VUQE3G8" failures="0" tests="6" name="test.Day3" time="0.036" errors="0" timestamp="2025-01-17T17:51:12 IST" skipped="0">
  <testcase classname="test.Day3" name="APILoginModuleCarLoan" time="0.021"/>
  <testcase classname="test.Day3" name="mobileLoginCarLoan" time="0.003"/>
  <testcase classname="test.Day3" name="webLoginCarLoan" time="0.004"/>
  <testcase classname="test.Day3" name="APISignOutModuleCarLoan" time="0.004"/>
  <testcase classname="test.Day3" name="mobileSignOutCarLoan" time="0.002"/>
  <testcase classname="test.Day3" name="webSignOutCarLoan" time="0.002"/>
</testsuite> <!-- test.Day3 -->
