<?xml version="1.0" encoding="UTF-8"?>
<!-- Generated by org.testng.reporters.JUnitReportReporter -->
<testsuite hostname="heisenberg" failures="0" tests="2" name="test.Day2" time="0.018" errors="0" timestamp="2025-01-21T16:27:53 IST" skipped="0">
  <testcase classname="test.Day2" name="APILoginModulePersonalLoan" time="0.014"/>
  <testcase classname="test.Day2" name="APISignOutModulePersonalLoan" time="0.004"/>
</testsuite> <!-- test.Day2 -->
