<?xml version="1.0" encoding="UTF-8"?>
<!-- Generated by org.testng.reporters.JUnitReportReporter -->
<testsuite hostname="DESKTOP-VUQE3G8" failures="0" tests="6" name="test.Day4" time="0.017" errors="0" timestamp="2025-01-17T19:48:49 IST" skipped="0">
  <testcase classname="test.Day4" name="APILoginModuleHomeLoan" time="0.004"/>
  <testcase classname="test.Day4" name="mobileSignOutHomeLoan" time="0.001"/>
  <testcase classname="test.Day4" name="mobileLoginHomeLoan" time="0.003"/>
  <testcase classname="test.Day4" name="webLoginHomeLoan" time="0.003"/>
  <testcase classname="test.Day4" name="webSignOutHomeLoan" time="0.003"/>
  <testcase classname="test.Day4" name="APISignOutModuleHomeLoan" time="0.003"/>
</testsuite> <!-- test.Day4 -->
